<?xml version="1.0" encoding="UTF-8"?>
<robot generator="Robot 6.1 (Python 3.11.4 on win32)" generated="20230711 21:57:07.713" rpa="false" schemaversion="4">
<suite id="s1" name="OpenApplication" source="C:\Users\cihat\PycharmProjects\AppiumProjectAkakce\Tests\OpenApplication.robot">
<test id="s1-t1" name="Open Akakce Application" line="16">
<kw name="Open Application" library="AppiumLibrary">
<arg>remote_url=http://localhost:4723</arg>
<arg>platformName=Android</arg>
<arg>platformVersion=11.0</arg>
<arg>deviceName=emulator</arg>
<arg>appPackage=com.akakce.akakce</arg>
<arg>appActivity=com.akakce.akakce.ui.splash.SplashActivity</arg>
<arg>automationName=Uiautomator2</arg>
<doc>Opens a new application to given Appium server.
Capabilities of appium server, Android and iOS,
Please check https://github.com/appium/appium/blob/master/docs/en/writing-running-appium/server-args.md
| *Option*            | *Man.* | *Description*     |
| remote_url          | Yes    | Appium server url |
| alias               | no     | alias             |
| strict_ssl          | No     | allows you to send commands to an invalid certificate host like a self-signed one. |</doc>
<msg timestamp="20230711 21:57:08.181" level="TRACE">Arguments: [ remote_url='http://localhost:4723' | platformName='Android' | platformVersion='11.0' | deviceName='emulator' | appPackage='com.akakce.akakce' | appActivity='com.akakce.akakce.ui.splash.SplashActivity' | automationName='Uiautomator2' ]</msg>
<msg timestamp="20230711 21:57:08.182" level="DEBUG">POST http://localhost:4723/session {"capabilities": {"firstMatch": [{}], "alwaysMatch": {"platformName": "Android", "appium:platformVersion": "11.0", "appium:deviceName": "emulator", "appium:appPackage": "com.akakce.akakce", "appium:appActivity": "com.akakce.akakce.ui.splash.SplashActivity", "appium:automationName": "Uiautomator2"}}}</msg>
<msg timestamp="20230711 21:57:08.240" level="DEBUG">Starting new HTTP connection (1): localhost:4723</msg>
<msg timestamp="20230711 21:57:21.938" level="DEBUG">http://localhost:4723 "POST /session HTTP/1.1" 200 0</msg>
<msg timestamp="20230711 21:57:21.945" level="DEBUG">Remote response: status=200 | data={"value":{"capabilities":{"platform":"LINUX","webStorageEnabled":false,"takesScreenshot":true,"javascriptEnabled":true,"databaseEnabled":false,"networkConnectionEnabled":true,"locationContextEnabled":false,"warnings":{},"desired":{"platformName":"Android","platformVersion":"11.0","deviceName":"emulator","appPackage":"com.akakce.akakce","appActivity":"com.akakce.akakce.ui.splash.SplashActivity","automationName":"Uiautomator2"},"platformName":"Android","platformVersion":"11","deviceName":"emulator-5554","appPackage":"com.akakce.akakce","appActivity":"com.akakce.akakce.ui.splash.SplashActivity","automationName":"Uiautomator2","deviceUDID":"emulator-5554","deviceApiLevel":30,"deviceScreenSize":"1080x1920","deviceScreenDensity":420,"deviceModel":"sdk_gphone_x86","deviceManufacturer":"Google","pixelRatio":2.625,"statBarHeight":63,"viewportRect":{"left":0,"top":63,"width":1080,"height":1731}},"sessionId":"a2762404-4d98-460a-89c7-510d01c64359"}} | headers=HTTPHeaderDict({'X-Powered-By': 'Express', 'Vary': 'X-HTTP-Method-Override', 'Content-Type': 'application/json; charset=utf-8', 'Content-Length': '951', 'ETag': 'W/"3b7-4fnWP1J0kNa7yRQV9q0dmclXSKI"', 'Date': 'Tue, 11 Jul 2023 18:57:21 GMT', 'Connection': 'keep-alive', 'Keep-Alive': 'timeout=600'})</msg>
<msg timestamp="20230711 21:57:21.947" level="DEBUG">Finished Request</msg>
<msg timestamp="20230711 21:57:21.974" level="DEBUG">Opened application with session id a2762404-4d98-460a-89c7-510d01c64359</msg>
<msg timestamp="20230711 21:57:21.975" level="TRACE">Return: 1</msg>
<status status="PASS" starttime="20230711 21:57:08.181" endtime="20230711 21:57:21.976"/>
</kw>
<kw name="Wait Until Page Contains Element" library="AppiumLibrary">
<arg>${pop_up_message}</arg>
<arg>timeout=15</arg>
<doc>Waits until element specified with `locator` appears on current page.</doc>
<msg timestamp="20230711 21:57:21.987" level="TRACE">Arguments: [ 'id=framePopupLyt' | timeout='15' ]</msg>
<msg timestamp="20230711 21:57:21.991" level="DEBUG">POST http://localhost:4723/session/a2762404-4d98-460a-89c7-510d01c64359/elements {"using": "id", "value": "framePopupLyt"}</msg>
<msg timestamp="20230711 21:57:22.922" level="DEBUG">http://localhost:4723 "POST /session/a2762404-4d98-460a-89c7-510d01c64359/elements HTTP/1.1" 200 0</msg>
<msg timestamp="20230711 21:57:22.923" level="DEBUG">Remote response: status=200 | data={"value":[]} | headers=HTTPHeaderDict({'X-Powered-By': 'Express', 'Vary': 'X-HTTP-Method-Override', 'Content-Type': 'application/json; charset=utf-8', 'Content-Length': '12', 'ETag': 'W/"c-ct3goOI+b+kRZv2R9j2fTtMXwkk"', 'Date': 'Tue, 11 Jul 2023 18:57:22 GMT', 'Connection': 'keep-alive', 'Keep-Alive': 'timeout=600'})</msg>
<msg timestamp="20230711 21:57:22.923" level="DEBUG">Finished Request</msg>
<msg timestamp="20230711 21:57:23.124" level="DEBUG">POST http://localhost:4723/session/a2762404-4d98-460a-89c7-510d01c64359/elements {"using": "id", "value": "framePopupLyt"}</msg>
<msg timestamp="20230711 21:57:23.398" level="DEBUG">http://localhost:4723 "POST /session/a2762404-4d98-460a-89c7-510d01c64359/elements HTTP/1.1" 200 0</msg>
<msg timestamp="20230711 21:57:23.398" level="DEBUG">Remote response: status=200 | data={"value":[]} | headers=HTTPHeaderDict({'X-Powered-By': 'Express', 'Vary': 'X-HTTP-Method-Override', 'Content-Type': 'application/json; charset=utf-8', 'Content-Length': '12', 'ETag': 'W/"c-ct3goOI+b+kRZv2R9j2fTtMXwkk"', 'Date': 'Tue, 11 Jul 2023 18:57:23 GMT', 'Connection': 'keep-alive', 'Keep-Alive': 'timeout=600'})</msg>
<msg timestamp="20230711 21:57:23.399" level="DEBUG">Finished Request</msg>
<msg timestamp="20230711 21:57:23.600" level="DEBUG">POST http://localhost:4723/session/a2762404-4d98-460a-89c7-510d01c64359/elements {"using": "id", "value": "framePopupLyt"}</msg>
<msg timestamp="20230711 21:57:23.800" level="DEBUG">http://localhost:4723 "POST /session/a2762404-4d98-460a-89c7-510d01c64359/elements HTTP/1.1" 200 0</msg>
<msg timestamp="20230711 21:57:23.801" level="DEBUG">Remote response: status=200 | data={"value":[]} | headers=HTTPHeaderDict({'X-Powered-By': 'Express', 'Vary': 'X-HTTP-Method-Override', 'Content-Type': 'application/json; charset=utf-8', 'Content-Length': '12', 'ETag': 'W/"c-ct3goOI+b+kRZv2R9j2fTtMXwkk"', 'Date': 'Tue, 11 Jul 2023 18:57:23 GMT', 'Connection': 'keep-alive', 'Keep-Alive': 'timeout=600'})</msg>
<msg timestamp="20230711 21:57:23.801" level="DEBUG">Finished Request</msg>
<msg timestamp="20230711 21:57:24.004" level="DEBUG">POST http://localhost:4723/session/a2762404-4d98-460a-89c7-510d01c64359/elements {"using": "id", "value": "framePopupLyt"}</msg>
<msg timestamp="20230711 21:57:24.483" level="DEBUG">http://localhost:4723 "POST /session/a2762404-4d98-460a-89c7-510d01c64359/elements HTTP/1.1" 200 0</msg>
<msg timestamp="20230711 21:57:24.485" level="DEBUG">Remote response: status=200 | data={"value":[]} | headers=HTTPHeaderDict({'X-Powered-By': 'Express', 'Vary': 'X-HTTP-Method-Override', 'Content-Type': 'application/json; charset=utf-8', 'Content-Length': '12', 'ETag': 'W/"c-ct3goOI+b+kRZv2R9j2fTtMXwkk"', 'Date': 'Tue, 11 Jul 2023 18:57:24 GMT', 'Connection': 'keep-alive', 'Keep-Alive': 'timeout=600'})</msg>
<msg timestamp="20230711 21:57:24.485" level="DEBUG">Finished Request</msg>
<msg timestamp="20230711 21:57:24.686" level="DEBUG">POST http://localhost:4723/session/a2762404-4d98-460a-89c7-510d01c64359/elements {"using": "id", "value": "framePopupLyt"}</msg>
<msg timestamp="20230711 21:57:25.389" level="DEBUG">http://localhost:4723 "POST /session/a2762404-4d98-460a-89c7-510d01c64359/elements HTTP/1.1" 200 0</msg>
<msg timestamp="20230711 21:57:25.389" level="DEBUG">Remote response: status=200 | data={"value":[]} | headers=HTTPHeaderDict({'X-Powered-By': 'Express', 'Vary': 'X-HTTP-Method-Override', 'Content-Type': 'application/json; charset=utf-8', 'Content-Length': '12', 'ETag': 'W/"c-ct3goOI+b+kRZv2R9j2fTtMXwkk"', 'Date': 'Tue, 11 Jul 2023 18:57:25 GMT', 'Connection': 'keep-alive', 'Keep-Alive': 'timeout=600'})</msg>
<msg timestamp="20230711 21:57:25.389" level="DEBUG">Finished Request</msg>
<msg timestamp="20230711 21:57:25.591" level="DEBUG">POST http://localhost:4723/session/a2762404-4d98-460a-89c7-510d01c64359/elements {"using": "id", "value": "framePopupLyt"}</msg>
<msg timestamp="20230711 21:57:25.671" level="DEBUG">http://localhost:4723 "POST /session/a2762404-4d98-460a-89c7-510d01c64359/elements HTTP/1.1" 200 0</msg>
<msg timestamp="20230711 21:57:25.672" level="DEBUG">Remote response: status=200 | data={"value":[]} | headers=HTTPHeaderDict({'X-Powered-By': 'Express', 'Vary': 'X-HTTP-Method-Override', 'Content-Type': 'application/json; charset=utf-8', 'Content-Length': '12', 'ETag': 'W/"c-ct3goOI+b+kRZv2R9j2fTtMXwkk"', 'Date': 'Tue, 11 Jul 2023 18:57:25 GMT', 'Connection': 'keep-alive', 'Keep-Alive': 'timeout=600'})</msg>
<msg timestamp="20230711 21:57:25.672" level="DEBUG">Finished Request</msg>
<msg timestamp="20230711 21:57:25.874" level="DEBUG">POST http://localhost:4723/session/a2762404-4d98-460a-89c7-510d01c64359/elements {"using": "id", "value": "framePopupLyt"}</msg>
<msg timestamp="20230711 21:57:25.994" level="DEBUG">http://localhost:4723 "POST /session/a2762404-4d98-460a-89c7-510d01c64359/elements HTTP/1.1" 200 0</msg>
<msg timestamp="20230711 21:57:25.994" level="DEBUG">Remote response: status=200 | data={"value":[]} | headers=HTTPHeaderDict({'X-Powered-By': 'Express', 'Vary': 'X-HTTP-Method-Override', 'Content-Type': 'application/json; charset=utf-8', 'Content-Length': '12', 'ETag': 'W/"c-ct3goOI+b+kRZv2R9j2fTtMXwkk"', 'Date': 'Tue, 11 Jul 2023 18:57:25 GMT', 'Connection': 'keep-alive', 'Keep-Alive': 'timeout=600'})</msg>
<msg timestamp="20230711 21:57:25.994" level="DEBUG">Finished Request</msg>
<msg timestamp="20230711 21:57:26.195" level="DEBUG">POST http://localhost:4723/session/a2762404-4d98-460a-89c7-510d01c64359/elements {"using": "id", "value": "framePopupLyt"}</msg>
<msg timestamp="20230711 21:57:26.322" level="DEBUG">http://localhost:4723 "POST /session/a2762404-4d98-460a-89c7-510d01c64359/elements HTTP/1.1" 200 0</msg>
<msg timestamp="20230711 21:57:26.322" level="DEBUG">Remote response: status=200 | data={"value":[]} | headers=HTTPHeaderDict({'X-Powered-By': 'Express', 'Vary': 'X-HTTP-Method-Override', 'Content-Type': 'application/json; charset=utf-8', 'Content-Length': '12', 'ETag': 'W/"c-ct3goOI+b+kRZv2R9j2fTtMXwkk"', 'Date': 'Tue, 11 Jul 2023 18:57:26 GMT', 'Connection': 'keep-alive', 'Keep-Alive': 'timeout=600'})</msg>
<msg timestamp="20230711 21:57:26.322" level="DEBUG">Finished Request</msg>
<msg timestamp="20230711 21:57:26.523" level="DEBUG">POST http://localhost:4723/session/a2762404-4d98-460a-89c7-510d01c64359/elements {"using": "id", "value": "framePopupLyt"}</msg>
<msg timestamp="20230711 21:57:26.634" level="DEBUG">http://localhost:4723 "POST /session/a2762404-4d98-460a-89c7-510d01c64359/elements HTTP/1.1" 200 0</msg>
<msg timestamp="20230711 21:57:26.634" level="DEBUG">Remote response: status=200 | data={"value":[]} | headers=HTTPHeaderDict({'X-Powered-By': 'Express', 'Vary': 'X-HTTP-Method-Override', 'Content-Type': 'application/json; charset=utf-8', 'Content-Length': '12', 'ETag': 'W/"c-ct3goOI+b+kRZv2R9j2fTtMXwkk"', 'Date': 'Tue, 11 Jul 2023 18:57:26 GMT', 'Connection': 'keep-alive', 'Keep-Alive': 'timeout=600'})</msg>
<msg timestamp="20230711 21:57:26.635" level="DEBUG">Finished Request</msg>
<msg timestamp="20230711 21:57:26.836" level="DEBUG">POST http://localhost:4723/session/a2762404-4d98-460a-89c7-510d01c64359/elements {"using": "id", "value": "framePopupLyt"}</msg>
<msg timestamp="20230711 21:57:26.955" level="DEBUG">http://localhost:4723 "POST /session/a2762404-4d98-460a-89c7-510d01c64359/elements HTTP/1.1" 200 0</msg>
<msg timestamp="20230711 21:57:26.955" level="DEBUG">Remote response: status=200 | data={"value":[]} | headers=HTTPHeaderDict({'X-Powered-By': 'Express', 'Vary': 'X-HTTP-Method-Override', 'Content-Type': 'application/json; charset=utf-8', 'Content-Length': '12', 'ETag': 'W/"c-ct3goOI+b+kRZv2R9j2fTtMXwkk"', 'Date': 'Tue, 11 Jul 2023 18:57:26 GMT', 'Connection': 'keep-alive', 'Keep-Alive': 'timeout=600'})</msg>
<msg timestamp="20230711 21:57:26.955" level="DEBUG">Finished Request</msg>
<msg timestamp="20230711 21:57:27.157" level="DEBUG">POST http://localhost:4723/session/a2762404-4d98-460a-89c7-510d01c64359/elements {"using": "id", "value": "framePopupLyt"}</msg>
<msg timestamp="20230711 21:57:27.247" level="DEBUG">http://localhost:4723 "POST /session/a2762404-4d98-460a-89c7-510d01c64359/elements HTTP/1.1" 200 0</msg>
<msg timestamp="20230711 21:57:27.247" level="DEBUG">Remote response: status=200 | data={"value":[]} | headers=HTTPHeaderDict({'X-Powered-By': 'Express', 'Vary': 'X-HTTP-Method-Override', 'Content-Type': 'application/json; charset=utf-8', 'Content-Length': '12', 'ETag': 'W/"c-ct3goOI+b+kRZv2R9j2fTtMXwkk"', 'Date': 'Tue, 11 Jul 2023 18:57:27 GMT', 'Connection': 'keep-alive', 'Keep-Alive': 'timeout=600'})</msg>
<msg timestamp="20230711 21:57:27.247" level="DEBUG">Finished Request</msg>
<msg timestamp="20230711 21:57:27.449" level="DEBUG">POST http://localhost:4723/session/a2762404-4d98-460a-89c7-510d01c64359/elements {"using": "id", "value": "framePopupLyt"}</msg>
<msg timestamp="20230711 21:57:27.561" level="DEBUG">http://localhost:4723 "POST /session/a2762404-4d98-460a-89c7-510d01c64359/elements HTTP/1.1" 200 0</msg>
<msg timestamp="20230711 21:57:27.561" level="DEBUG">Remote response: status=200 | data={"value":[]} | headers=HTTPHeaderDict({'X-Powered-By': 'Express', 'Vary': 'X-HTTP-Method-Override', 'Content-Type': 'application/json; charset=utf-8', 'Content-Length': '12', 'ETag': 'W/"c-ct3goOI+b+kRZv2R9j2fTtMXwkk"', 'Date': 'Tue, 11 Jul 2023 18:57:27 GMT', 'Connection': 'keep-alive', 'Keep-Alive': 'timeout=600'})</msg>
<msg timestamp="20230711 21:57:27.561" level="DEBUG">Finished Request</msg>
<msg timestamp="20230711 21:57:27.763" level="DEBUG">POST http://localhost:4723/session/a2762404-4d98-460a-89c7-510d01c64359/elements {"using": "id", "value": "framePopupLyt"}</msg>
<msg timestamp="20230711 21:57:27.838" level="DEBUG">http://localhost:4723 "POST /session/a2762404-4d98-460a-89c7-510d01c64359/elements HTTP/1.1" 200 0</msg>
<msg timestamp="20230711 21:57:27.838" level="DEBUG">Remote response: status=200 | data={"value":[]} | headers=HTTPHeaderDict({'X-Powered-By': 'Express', 'Vary': 'X-HTTP-Method-Override', 'Content-Type': 'application/json; charset=utf-8', 'Content-Length': '12', 'ETag': 'W/"c-ct3goOI+b+kRZv2R9j2fTtMXwkk"', 'Date': 'Tue, 11 Jul 2023 18:57:27 GMT', 'Connection': 'keep-alive', 'Keep-Alive': 'timeout=600'})</msg>
<msg timestamp="20230711 21:57:27.838" level="DEBUG">Finished Request</msg>
<msg timestamp="20230711 21:57:28.038" level="DEBUG">POST http://localhost:4723/session/a2762404-4d98-460a-89c7-510d01c64359/elements {"using": "id", "value": "framePopupLyt"}</msg>
<msg timestamp="20230711 21:57:28.138" level="DEBUG">http://localhost:4723 "POST /session/a2762404-4d98-460a-89c7-510d01c64359/elements HTTP/1.1" 200 0</msg>
<msg timestamp="20230711 21:57:28.138" level="DEBUG">Remote response: status=200 | data={"value":[]} | headers=HTTPHeaderDict({'X-Powered-By': 'Express', 'Vary': 'X-HTTP-Method-Override', 'Content-Type': 'application/json; charset=utf-8', 'Content-Length': '12', 'ETag': 'W/"c-ct3goOI+b+kRZv2R9j2fTtMXwkk"', 'Date': 'Tue, 11 Jul 2023 18:57:28 GMT', 'Connection': 'keep-alive', 'Keep-Alive': 'timeout=600'})</msg>
<msg timestamp="20230711 21:57:28.138" level="DEBUG">Finished Request</msg>
<msg timestamp="20230711 21:57:28.340" level="DEBUG">POST http://localhost:4723/session/a2762404-4d98-460a-89c7-510d01c64359/elements {"using": "id", "value": "framePopupLyt"}</msg>
<msg timestamp="20230711 21:57:28.458" level="DEBUG">http://localhost:4723 "POST /session/a2762404-4d98-460a-89c7-510d01c64359/elements HTTP/1.1" 200 0</msg>
<msg timestamp="20230711 21:57:28.462" level="DEBUG">Remote response: status=200 | data={"value":[]} | headers=HTTPHeaderDict({'X-Powered-By': 'Express', 'Vary': 'X-HTTP-Method-Override', 'Content-Type': 'application/json; charset=utf-8', 'Content-Length': '12', 'ETag': 'W/"c-ct3goOI+b+kRZv2R9j2fTtMXwkk"', 'Date': 'Tue, 11 Jul 2023 18:57:28 GMT', 'Connection': 'keep-alive', 'Keep-Alive': 'timeout=600'})</msg>
<msg timestamp="20230711 21:57:28.462" level="DEBUG">Finished Request</msg>
<msg timestamp="20230711 21:57:28.663" level="DEBUG">POST http://localhost:4723/session/a2762404-4d98-460a-89c7-510d01c64359/elements {"using": "id", "value": "framePopupLyt"}</msg>
<msg timestamp="20230711 21:57:35.528" level="DEBUG">http://localhost:4723 "POST /session/a2762404-4d98-460a-89c7-510d01c64359/elements HTTP/1.1" 200 0</msg>
<msg timestamp="20230711 21:57:35.529" level="DEBUG">Remote response: status=200 | data={"value":[{"element-6066-11e4-a52e-4f735466cecf":"00000000-0000-00e9-ffff-ffff000000d4","ELEMENT":"00000000-0000-00e9-ffff-ffff000000d4"}]} | headers=HTTPHeaderDict({'X-Powered-By': 'Express', 'Vary': 'X-HTTP-Method-Override', 'Content-Type': 'application/json; charset=utf-8', 'Content-Length': '139', 'ETag': 'W/"8b-h8lxAtv0avuHRsQ+Yq87LehQAww"', 'Date': 'Tue, 11 Jul 2023 18:57:35 GMT', 'Connection': 'keep-alive', 'Keep-Alive': 'timeout=600'})</msg>
<msg timestamp="20230711 21:57:35.529" level="DEBUG">Finished Request</msg>
<msg timestamp="20230711 21:57:35.535" level="INFO">criteria is framePopupLyt
criteria is framePopupLyt
criteria is framePopupLyt
criteria is framePopupLyt
criteria is framePopupLyt
criteria is framePopupLyt
criteria is framePopupLyt
criteria is framePopupLyt
criteria is framePopupLyt
criteria is framePopupLyt
criteria is framePopupLyt
criteria is framePopupLyt
criteria is framePopupLyt
criteria is framePopupLyt
criteria is framePopupLyt
criteria is framePopupLyt</msg>
<msg timestamp="20230711 21:57:35.536" level="TRACE">Return: None</msg>
<status status="PASS" starttime="20230711 21:57:21.984" endtime="20230711 21:57:35.538"/>
</kw>
<kw name="Click Element" library="AppiumLibrary">
<arg>${pop_up_message}</arg>
<doc>Click element identified by `locator`.</doc>
<msg timestamp="20230711 21:57:35.546" level="TRACE">Arguments: [ 'id=framePopupLyt' ]</msg>
<msg timestamp="20230711 21:57:35.554" level="INFO">Clicking element 'id=framePopupLyt'.</msg>
<msg timestamp="20230711 21:57:35.555" level="DEBUG">POST http://localhost:4723/session/a2762404-4d98-460a-89c7-510d01c64359/elements {"using": "id", "value": "framePopupLyt"}</msg>
<msg timestamp="20230711 21:57:36.274" level="DEBUG">http://localhost:4723 "POST /session/a2762404-4d98-460a-89c7-510d01c64359/elements HTTP/1.1" 200 0</msg>
<msg timestamp="20230711 21:57:36.274" level="DEBUG">Remote response: status=200 | data={"value":[{"element-6066-11e4-a52e-4f735466cecf":"00000000-0000-00e9-ffff-ffff000000d4","ELEMENT":"00000000-0000-00e9-ffff-ffff000000d4"}]} | headers=HTTPHeaderDict({'X-Powered-By': 'Express', 'Vary': 'X-HTTP-Method-Override', 'Content-Type': 'application/json; charset=utf-8', 'Content-Length': '139', 'ETag': 'W/"8b-h8lxAtv0avuHRsQ+Yq87LehQAww"', 'Date': 'Tue, 11 Jul 2023 18:57:36 GMT', 'Connection': 'keep-alive', 'Keep-Alive': 'timeout=600'})</msg>
<msg timestamp="20230711 21:57:36.274" level="DEBUG">Finished Request</msg>
<msg timestamp="20230711 21:57:36.275" level="DEBUG">POST http://localhost:4723/session/a2762404-4d98-460a-89c7-510d01c64359/element/00000000-0000-00e9-ffff-ffff000000d4/click {"id": "00000000-0000-00e9-ffff-ffff000000d4"}</msg>
<msg timestamp="20230711 21:57:36.983" level="DEBUG">http://localhost:4723 "POST /session/a2762404-4d98-460a-89c7-510d01c64359/element/00000000-0000-00e9-ffff-ffff000000d4/click HTTP/1.1" 200 0</msg>
<msg timestamp="20230711 21:57:36.983" level="DEBUG">Remote response: status=200 | data={"value":null} | headers=HTTPHeaderDict({'X-Powered-By': 'Express', 'Vary': 'X-HTTP-Method-Override', 'Content-Type': 'application/json; charset=utf-8', 'Content-Length': '14', 'ETag': 'W/"e-9/1BuKMgFObM1mWJm+YjxtXJnUM"', 'Date': 'Tue, 11 Jul 2023 18:57:36 GMT', 'Connection': 'keep-alive', 'Keep-Alive': 'timeout=600'})</msg>
<msg timestamp="20230711 21:57:36.983" level="DEBUG">Finished Request</msg>
<msg timestamp="20230711 21:57:36.984" level="INFO">criteria is framePopupLyt</msg>
<msg timestamp="20230711 21:57:36.984" level="TRACE">Return: None</msg>
<status status="PASS" starttime="20230711 21:57:35.545" endtime="20230711 21:57:36.984"/>
</kw>
<kw name="Wait Until Page Contains Element" library="AppiumLibrary">
<arg>${search_input_field}</arg>
<doc>Waits until element specified with `locator` appears on current page.</doc>
<msg timestamp="20230711 21:57:36.985" level="TRACE">Arguments: [ 'id=searchText' ]</msg>
<msg timestamp="20230711 21:57:36.987" level="DEBUG">POST http://localhost:4723/session/a2762404-4d98-460a-89c7-510d01c64359/elements {"using": "id", "value": "searchText"}</msg>
<msg timestamp="20230711 21:57:37.132" level="DEBUG">http://localhost:4723 "POST /session/a2762404-4d98-460a-89c7-510d01c64359/elements HTTP/1.1" 200 0</msg>
<msg timestamp="20230711 21:57:37.132" level="DEBUG">Remote response: status=200 | data={"value":[{"element-6066-11e4-a52e-4f735466cecf":"00000000-0000-00e9-ffff-ffff000000d0","ELEMENT":"00000000-0000-00e9-ffff-ffff000000d0"}]} | headers=HTTPHeaderDict({'X-Powered-By': 'Express', 'Vary': 'X-HTTP-Method-Override', 'Content-Type': 'application/json; charset=utf-8', 'Content-Length': '139', 'ETag': 'W/"8b-kjHFvGCKKVOrBIwUisI9VY1PZUQ"', 'Date': 'Tue, 11 Jul 2023 18:57:37 GMT', 'Connection': 'keep-alive', 'Keep-Alive': 'timeout=600'})</msg>
<msg timestamp="20230711 21:57:37.132" level="DEBUG">Finished Request</msg>
<msg timestamp="20230711 21:57:37.132" level="INFO">criteria is searchText</msg>
<msg timestamp="20230711 21:57:37.132" level="TRACE">Return: None</msg>
<status status="PASS" starttime="20230711 21:57:36.984" endtime="20230711 21:57:37.132"/>
</kw>
<kw name="Click Element" library="AppiumLibrary">
<arg>${search_input_field}</arg>
<doc>Click element identified by `locator`.</doc>
<msg timestamp="20230711 21:57:37.133" level="TRACE">Arguments: [ 'id=searchText' ]</msg>
<msg timestamp="20230711 21:57:37.135" level="INFO">Clicking element 'id=searchText'.</msg>
<msg timestamp="20230711 21:57:37.135" level="DEBUG">POST http://localhost:4723/session/a2762404-4d98-460a-89c7-510d01c64359/elements {"using": "id", "value": "searchText"}</msg>
<msg timestamp="20230711 21:57:37.280" level="DEBUG">http://localhost:4723 "POST /session/a2762404-4d98-460a-89c7-510d01c64359/elements HTTP/1.1" 200 0</msg>
<msg timestamp="20230711 21:57:37.280" level="DEBUG">Remote response: status=200 | data={"value":[{"element-6066-11e4-a52e-4f735466cecf":"00000000-0000-00e9-ffff-ffff000000d0","ELEMENT":"00000000-0000-00e9-ffff-ffff000000d0"}]} | headers=HTTPHeaderDict({'X-Powered-By': 'Express', 'Vary': 'X-HTTP-Method-Override', 'Content-Type': 'application/json; charset=utf-8', 'Content-Length': '139', 'ETag': 'W/"8b-kjHFvGCKKVOrBIwUisI9VY1PZUQ"', 'Date': 'Tue, 11 Jul 2023 18:57:37 GMT', 'Connection': 'keep-alive', 'Keep-Alive': 'timeout=600'})</msg>
<msg timestamp="20230711 21:57:37.281" level="DEBUG">Finished Request</msg>
<msg timestamp="20230711 21:57:37.281" level="DEBUG">POST http://localhost:4723/session/a2762404-4d98-460a-89c7-510d01c64359/element/00000000-0000-00e9-ffff-ffff000000d0/click {"id": "00000000-0000-00e9-ffff-ffff000000d0"}</msg>
<msg timestamp="20230711 21:57:37.406" level="DEBUG">http://localhost:4723 "POST /session/a2762404-4d98-460a-89c7-510d01c64359/element/00000000-0000-00e9-ffff-ffff000000d0/click HTTP/1.1" 200 0</msg>
<msg timestamp="20230711 21:57:37.406" level="DEBUG">Remote response: status=200 | data={"value":null} | headers=HTTPHeaderDict({'X-Powered-By': 'Express', 'Vary': 'X-HTTP-Method-Override', 'Content-Type': 'application/json; charset=utf-8', 'Content-Length': '14', 'ETag': 'W/"e-9/1BuKMgFObM1mWJm+YjxtXJnUM"', 'Date': 'Tue, 11 Jul 2023 18:57:37 GMT', 'Connection': 'keep-alive', 'Keep-Alive': 'timeout=600'})</msg>
<msg timestamp="20230711 21:57:37.407" level="DEBUG">Finished Request</msg>
<msg timestamp="20230711 21:57:37.407" level="INFO">criteria is searchText</msg>
<msg timestamp="20230711 21:57:37.407" level="TRACE">Return: None</msg>
<status status="PASS" starttime="20230711 21:57:37.133" endtime="20230711 21:57:37.407"/>
</kw>
<kw name="Wait Until Page Contains Element" library="AppiumLibrary">
<arg>${search_input_field2}</arg>
<doc>Waits until element specified with `locator` appears on current page.</doc>
<msg timestamp="20230711 21:57:37.408" level="TRACE">Arguments: [ "xpath=(//*[@resource-id='com.akakce.akakce:id/searchTextView'])[2]" ]</msg>
<msg timestamp="20230711 21:57:37.408" level="DEBUG">POST http://localhost:4723/session/a2762404-4d98-460a-89c7-510d01c64359/elements {"using": "xpath", "value": "(//*[@resource-id='com.akakce.akakce:id/searchTextView'])[2]"}</msg>
<msg timestamp="20230711 21:57:41.640" level="DEBUG">http://localhost:4723 "POST /session/a2762404-4d98-460a-89c7-510d01c64359/elements HTTP/1.1" 200 0</msg>
<msg timestamp="20230711 21:57:41.641" level="DEBUG">Remote response: status=200 | data={"value":[{"element-6066-11e4-a52e-4f735466cecf":"00000000-0000-00e9-ffff-ffff00000287","ELEMENT":"00000000-0000-00e9-ffff-ffff00000287"}]} | headers=HTTPHeaderDict({'X-Powered-By': 'Express', 'Vary': 'X-HTTP-Method-Override', 'Content-Type': 'application/json; charset=utf-8', 'Content-Length': '139', 'ETag': 'W/"8b-s++ZaAhPlyzWC7v+u068mKsPCUk"', 'Date': 'Tue, 11 Jul 2023 18:57:41 GMT', 'Connection': 'keep-alive', 'Keep-Alive': 'timeout=600'})</msg>
<msg timestamp="20230711 21:57:41.641" level="DEBUG">Finished Request</msg>
<msg timestamp="20230711 21:57:41.641" level="INFO">xpath criteria: (//*[@resource-id='com.akakce.akakce:id/searchTextView'])[2]</msg>
<msg timestamp="20230711 21:57:41.641" level="TRACE">Return: None</msg>
<status status="PASS" starttime="20230711 21:57:37.407" endtime="20230711 21:57:41.642"/>
</kw>
<kw name="Input Text" library="AppiumLibrary">
<arg>${search_input_field2}</arg>
<arg>Bilgisayar</arg>
<doc>Types the given `text` into text field identified by `locator`.</doc>
<msg timestamp="20230711 21:57:41.644" level="TRACE">Arguments: [ "xpath=(//*[@resource-id='com.akakce.akakce:id/searchTextView'])[2]" | 'Bilgisayar' ]</msg>
<msg timestamp="20230711 21:57:41.647" level="INFO">Typing text 'Bilgisayar' into text field 'xpath=(//*[@resource-id='com.akakce.akakce:id/searchTextView'])[2]'</msg>
<msg timestamp="20230711 21:57:41.647" level="DEBUG">POST http://localhost:4723/session/a2762404-4d98-460a-89c7-510d01c64359/elements {"using": "xpath", "value": "(//*[@resource-id='com.akakce.akakce:id/searchTextView'])[2]"}</msg>
<msg timestamp="20230711 21:57:42.555" level="DEBUG">http://localhost:4723 "POST /session/a2762404-4d98-460a-89c7-510d01c64359/elements HTTP/1.1" 200 0</msg>
<msg timestamp="20230711 21:57:42.555" level="DEBUG">Remote response: status=200 | data={"value":[{"element-6066-11e4-a52e-4f735466cecf":"00000000-0000-00e9-ffff-ffff00000287","ELEMENT":"00000000-0000-00e9-ffff-ffff00000287"}]} | headers=HTTPHeaderDict({'X-Powered-By': 'Express', 'Vary': 'X-HTTP-Method-Override', 'Content-Type': 'application/json; charset=utf-8', 'Content-Length': '139', 'ETag': 'W/"8b-s++ZaAhPlyzWC7v+u068mKsPCUk"', 'Date': 'Tue, 11 Jul 2023 18:57:42 GMT', 'Connection': 'keep-alive', 'Keep-Alive': 'timeout=600'})</msg>
<msg timestamp="20230711 21:57:42.555" level="DEBUG">Finished Request</msg>
<msg timestamp="20230711 21:57:42.557" level="DEBUG">POST http://localhost:4723/session/a2762404-4d98-460a-89c7-510d01c64359/element/00000000-0000-00e9-ffff-ffff00000287/value {"text": "Bilgisayar", "value": ["B", "i", "l", "g", "i", "s", "a", "y", "a", "r"], "id": "00000000-0000-00e9-ffff-ffff00000287"}</msg>
<msg timestamp="20230711 21:57:43.372" level="DEBUG">http://localhost:4723 "POST /session/a2762404-4d98-460a-89c7-510d01c64359/element/00000000-0000-00e9-ffff-ffff00000287/value HTTP/1.1" 200 0</msg>
<msg timestamp="20230711 21:57:43.372" level="DEBUG">Remote response: status=200 | data={"value":null} | headers=HTTPHeaderDict({'X-Powered-By': 'Express', 'Vary': 'X-HTTP-Method-Override', 'Content-Type': 'application/json; charset=utf-8', 'Content-Length': '14', 'ETag': 'W/"e-9/1BuKMgFObM1mWJm+YjxtXJnUM"', 'Date': 'Tue, 11 Jul 2023 18:57:43 GMT', 'Connection': 'keep-alive', 'Keep-Alive': 'timeout=600'})</msg>
<msg timestamp="20230711 21:57:43.373" level="DEBUG">Finished Request</msg>
<msg timestamp="20230711 21:57:43.373" level="INFO">xpath criteria: (//*[@resource-id='com.akakce.akakce:id/searchTextView'])[2]</msg>
<msg timestamp="20230711 21:57:43.373" level="TRACE">Return: None</msg>
<status status="PASS" starttime="20230711 21:57:41.643" endtime="20230711 21:57:43.373"/>
</kw>
<kw name="Press Keycode" library="AppiumLibrary">
<arg>66</arg>
<doc>Sends a press of keycode to the device.</doc>
<msg timestamp="20230711 21:57:43.377" level="TRACE">Arguments: [ '66' ]</msg>
<msg timestamp="20230711 21:57:43.383" level="DEBUG">POST http://localhost:4723/session/a2762404-4d98-460a-89c7-510d01c64359/execute/sync {"script": "mobile: pressKey", "args": [{"keycode": "66"}]}</msg>
<msg timestamp="20230711 21:57:44.954" level="DEBUG">http://localhost:4723 "POST /session/a2762404-4d98-460a-89c7-510d01c64359/execute/sync HTTP/1.1" 200 0</msg>
<msg timestamp="20230711 21:57:44.955" level="DEBUG">Remote response: status=200 | data={"value":null} | headers=HTTPHeaderDict({'X-Powered-By': 'Express', 'Vary': 'X-HTTP-Method-Override', 'Content-Type': 'application/json; charset=utf-8', 'Content-Length': '14', 'ETag': 'W/"e-9/1BuKMgFObM1mWJm+YjxtXJnUM"', 'Date': 'Tue, 11 Jul 2023 18:57:44 GMT', 'Connection': 'keep-alive', 'Keep-Alive': 'timeout=600'})</msg>
<msg timestamp="20230711 21:57:44.955" level="DEBUG">Finished Request</msg>
<msg timestamp="20230711 21:57:44.955" level="TRACE">Return: None</msg>
<status status="PASS" starttime="20230711 21:57:43.376" endtime="20230711 21:57:44.956"/>
</kw>
<kw name="Wait Until Page Contains Element" library="AppiumLibrary">
<arg>${first_product}</arg>
<doc>Waits until element specified with `locator` appears on current page.</doc>
<msg timestamp="20230711 21:57:44.956" level="TRACE">Arguments: [ "xpath=(//*[@resource-id='com.akakce.akakce:id/cellContainer'])[1]" ]</msg>
<msg timestamp="20230711 21:57:44.957" level="DEBUG">POST http://localhost:4723/session/a2762404-4d98-460a-89c7-510d01c64359/elements {"using": "xpath", "value": "(//*[@resource-id='com.akakce.akakce:id/cellContainer'])[1]"}</msg>
<msg timestamp="20230711 21:57:46.698" level="DEBUG">http://localhost:4723 "POST /session/a2762404-4d98-460a-89c7-510d01c64359/elements HTTP/1.1" 200 0</msg>
<msg timestamp="20230711 21:57:46.698" level="DEBUG">Remote response: status=200 | data={"value":[{"element-6066-11e4-a52e-4f735466cecf":"00000000-0000-00e9-ffff-ffff000002f0","ELEMENT":"00000000-0000-00e9-ffff-ffff000002f0"}]} | headers=HTTPHeaderDict({'X-Powered-By': 'Express', 'Vary': 'X-HTTP-Method-Override', 'Content-Type': 'application/json; charset=utf-8', 'Content-Length': '139', 'ETag': 'W/"8b-gPbEWRaZ6++iBriNXLtFHRyqYh4"', 'Date': 'Tue, 11 Jul 2023 18:57:46 GMT', 'Connection': 'keep-alive', 'Keep-Alive': 'timeout=600'})</msg>
<msg timestamp="20230711 21:57:46.698" level="DEBUG">Finished Request</msg>
<msg timestamp="20230711 21:57:46.698" level="INFO">xpath criteria: (//*[@resource-id='com.akakce.akakce:id/cellContainer'])[1]</msg>
<msg timestamp="20230711 21:57:46.698" level="TRACE">Return: None</msg>
<status status="PASS" starttime="20230711 21:57:44.956" endtime="20230711 21:57:46.698"/>
</kw>
<kw name="Click Element" library="AppiumLibrary">
<arg>${first_product}</arg>
<doc>Click element identified by `locator`.</doc>
<msg timestamp="20230711 21:57:46.700" level="TRACE">Arguments: [ "xpath=(//*[@resource-id='com.akakce.akakce:id/cellContainer'])[1]" ]</msg>
<msg timestamp="20230711 21:57:46.703" level="INFO">Clicking element 'xpath=(//*[@resource-id='com.akakce.akakce:id/cellContainer'])[1]'.</msg>
<msg timestamp="20230711 21:57:46.703" level="DEBUG">POST http://localhost:4723/session/a2762404-4d98-460a-89c7-510d01c64359/elements {"using": "xpath", "value": "(//*[@resource-id='com.akakce.akakce:id/cellContainer'])[1]"}</msg>
<msg timestamp="20230711 21:57:47.540" level="DEBUG">http://localhost:4723 "POST /session/a2762404-4d98-460a-89c7-510d01c64359/elements HTTP/1.1" 200 0</msg>
<msg timestamp="20230711 21:57:47.540" level="DEBUG">Remote response: status=200 | data={"value":[{"element-6066-11e4-a52e-4f735466cecf":"00000000-0000-00e9-ffff-ffff000002f0","ELEMENT":"00000000-0000-00e9-ffff-ffff000002f0"}]} | headers=HTTPHeaderDict({'X-Powered-By': 'Express', 'Vary': 'X-HTTP-Method-Override', 'Content-Type': 'application/json; charset=utf-8', 'Content-Length': '139', 'ETag': 'W/"8b-gPbEWRaZ6++iBriNXLtFHRyqYh4"', 'Date': 'Tue, 11 Jul 2023 18:57:47 GMT', 'Connection': 'keep-alive', 'Keep-Alive': 'timeout=600'})</msg>
<msg timestamp="20230711 21:57:47.540" level="DEBUG">Finished Request</msg>
<msg timestamp="20230711 21:57:47.540" level="DEBUG">POST http://localhost:4723/session/a2762404-4d98-460a-89c7-510d01c64359/element/00000000-0000-00e9-ffff-ffff000002f0/click {"id": "00000000-0000-00e9-ffff-ffff000002f0"}</msg>
<msg timestamp="20230711 21:57:47.609" level="DEBUG">http://localhost:4723 "POST /session/a2762404-4d98-460a-89c7-510d01c64359/element/00000000-0000-00e9-ffff-ffff000002f0/click HTTP/1.1" 200 0</msg>
<msg timestamp="20230711 21:57:47.610" level="DEBUG">Remote response: status=200 | data={"value":null} | headers=HTTPHeaderDict({'X-Powered-By': 'Express', 'Vary': 'X-HTTP-Method-Override', 'Content-Type': 'application/json; charset=utf-8', 'Content-Length': '14', 'ETag': 'W/"e-9/1BuKMgFObM1mWJm+YjxtXJnUM"', 'Date': 'Tue, 11 Jul 2023 18:57:47 GMT', 'Connection': 'keep-alive', 'Keep-Alive': 'timeout=600'})</msg>
<msg timestamp="20230711 21:57:47.610" level="DEBUG">Finished Request</msg>
<msg timestamp="20230711 21:57:47.610" level="INFO">xpath criteria: (//*[@resource-id='com.akakce.akakce:id/cellContainer'])[1]</msg>
<msg timestamp="20230711 21:57:47.610" level="TRACE">Return: None</msg>
<status status="PASS" starttime="20230711 21:57:46.700" endtime="20230711 21:57:47.610"/>
</kw>
<kw name="Wait Until Page Contains Element" library="AppiumLibrary">
<arg>${ürüne_git_button}</arg>
<doc>Waits until element specified with `locator` appears on current page.</doc>
<msg timestamp="20230711 21:57:47.612" level="TRACE">Arguments: [ 'id=detailBtnTextView' ]</msg>
<msg timestamp="20230711 21:57:47.613" level="DEBUG">POST http://localhost:4723/session/a2762404-4d98-460a-89c7-510d01c64359/elements {"using": "id", "value": "detailBtnTextView"}</msg>
<msg timestamp="20230711 21:57:48.445" level="DEBUG">http://localhost:4723 "POST /session/a2762404-4d98-460a-89c7-510d01c64359/elements HTTP/1.1" 200 0</msg>
<msg timestamp="20230711 21:57:48.445" level="DEBUG">Remote response: status=200 | data={"value":[{"element-6066-11e4-a52e-4f735466cecf":"00000000-0000-00e9-ffff-ffff00000314","ELEMENT":"00000000-0000-00e9-ffff-ffff00000314"}]} | headers=HTTPHeaderDict({'X-Powered-By': 'Express', 'Vary': 'X-HTTP-Method-Override', 'Content-Type': 'application/json; charset=utf-8', 'Content-Length': '139', 'ETag': 'W/"8b-lKNpGNhYisn9hb/m4KOa7gTlYw4"', 'Date': 'Tue, 11 Jul 2023 18:57:48 GMT', 'Connection': 'keep-alive', 'Keep-Alive': 'timeout=600'})</msg>
<msg timestamp="20230711 21:57:48.446" level="DEBUG">Finished Request</msg>
<msg timestamp="20230711 21:57:48.446" level="INFO">criteria is detailBtnTextView</msg>
<msg timestamp="20230711 21:57:48.446" level="TRACE">Return: None</msg>
<status status="PASS" starttime="20230711 21:57:47.610" endtime="20230711 21:57:48.446"/>
</kw>
<kw name="Click Element" library="AppiumLibrary">
<arg>${ürüne_git_button}</arg>
<doc>Click element identified by `locator`.</doc>
<msg timestamp="20230711 21:57:48.448" level="TRACE">Arguments: [ 'id=detailBtnTextView' ]</msg>
<msg timestamp="20230711 21:57:48.449" level="INFO">Clicking element 'id=detailBtnTextView'.</msg>
<msg timestamp="20230711 21:57:48.449" level="DEBUG">POST http://localhost:4723/session/a2762404-4d98-460a-89c7-510d01c64359/elements {"using": "id", "value": "detailBtnTextView"}</msg>
<msg timestamp="20230711 21:57:49.048" level="DEBUG">http://localhost:4723 "POST /session/a2762404-4d98-460a-89c7-510d01c64359/elements HTTP/1.1" 200 0</msg>
<msg timestamp="20230711 21:57:49.048" level="DEBUG">Remote response: status=200 | data={"value":[{"element-6066-11e4-a52e-4f735466cecf":"00000000-0000-00e9-ffff-ffff00000314","ELEMENT":"00000000-0000-00e9-ffff-ffff00000314"}]} | headers=HTTPHeaderDict({'X-Powered-By': 'Express', 'Vary': 'X-HTTP-Method-Override', 'Content-Type': 'application/json; charset=utf-8', 'Content-Length': '139', 'ETag': 'W/"8b-lKNpGNhYisn9hb/m4KOa7gTlYw4"', 'Date': 'Tue, 11 Jul 2023 18:57:49 GMT', 'Connection': 'keep-alive', 'Keep-Alive': 'timeout=600'})</msg>
<msg timestamp="20230711 21:57:49.048" level="DEBUG">Finished Request</msg>
<msg timestamp="20230711 21:57:49.048" level="DEBUG">POST http://localhost:4723/session/a2762404-4d98-460a-89c7-510d01c64359/element/00000000-0000-00e9-ffff-ffff00000314/click {"id": "00000000-0000-00e9-ffff-ffff00000314"}</msg>
<msg timestamp="20230711 21:57:49.239" level="DEBUG">http://localhost:4723 "POST /session/a2762404-4d98-460a-89c7-510d01c64359/element/00000000-0000-00e9-ffff-ffff00000314/click HTTP/1.1" 200 0</msg>
<msg timestamp="20230711 21:57:49.239" level="DEBUG">Remote response: status=200 | data={"value":null} | headers=HTTPHeaderDict({'X-Powered-By': 'Express', 'Vary': 'X-HTTP-Method-Override', 'Content-Type': 'application/json; charset=utf-8', 'Content-Length': '14', 'ETag': 'W/"e-9/1BuKMgFObM1mWJm+YjxtXJnUM"', 'Date': 'Tue, 11 Jul 2023 18:57:49 GMT', 'Connection': 'keep-alive', 'Keep-Alive': 'timeout=600'})</msg>
<msg timestamp="20230711 21:57:49.239" level="DEBUG">Finished Request</msg>
<msg timestamp="20230711 21:57:49.239" level="INFO">criteria is detailBtnTextView</msg>
<msg timestamp="20230711 21:57:49.239" level="TRACE">Return: None</msg>
<status status="PASS" starttime="20230711 21:57:48.447" endtime="20230711 21:57:49.239"/>
</kw>
<kw name="Sleep" library="BuiltIn">
<arg>3</arg>
<doc>Pauses the test executed for the given time.</doc>
<msg timestamp="20230711 21:57:49.241" level="TRACE">Arguments: [ '3' ]</msg>
<msg timestamp="20230711 21:57:52.247" level="INFO">Slept 3 seconds</msg>
<msg timestamp="20230711 21:57:52.247" level="TRACE">Return: None</msg>
<status status="PASS" starttime="20230711 21:57:49.240" endtime="20230711 21:57:52.247"/>
</kw>
<kw name="Swipe" library="AppiumLibrary">
<arg>500</arg>
<arg>1000</arg>
<arg>500</arg>
<arg>100</arg>
<doc>Swipe from one point to another point, for an optional duration.</doc>
<msg timestamp="20230711 21:57:52.248" level="TRACE">Arguments: [ '500' | '1000' | '500' | '100' ]</msg>
<msg timestamp="20230711 21:57:52.256" level="DEBUG">POST http://localhost:4723/session/a2762404-4d98-460a-89c7-510d01c64359/actions {"actions": [{"type": "pointer", "parameters": {"pointerType": "touch"}, "id": "touch", "actions": [{"type": "pointerMove", "duration": 250, "x": 500, "y": 1000, "origin": "viewport"}, {"type": "pointerDown", "duration": 0, "button": 0}, {"type": "pointerMove", "duration": 1000, "x": 500, "y": 100, "origin": "viewport"}, {"type": "pointerUp", "duration": 0, "button": 0}]}]}</msg>
<msg timestamp="20230711 21:57:53.885" level="DEBUG">http://localhost:4723 "POST /session/a2762404-4d98-460a-89c7-510d01c64359/actions HTTP/1.1" 200 0</msg>
<msg timestamp="20230711 21:57:53.887" level="DEBUG">Remote response: status=200 | data={"value":null} | headers=HTTPHeaderDict({'X-Powered-By': 'Express', 'Vary': 'X-HTTP-Method-Override', 'Content-Type': 'application/json; charset=utf-8', 'Content-Length': '14', 'ETag': 'W/"e-9/1BuKMgFObM1mWJm+YjxtXJnUM"', 'Date': 'Tue, 11 Jul 2023 18:57:53 GMT', 'Connection': 'keep-alive', 'Keep-Alive': 'timeout=600'})</msg>
<msg timestamp="20230711 21:57:53.888" level="DEBUG">Finished Request</msg>
<msg timestamp="20230711 21:57:53.888" level="TRACE">Return: None</msg>
<status status="PASS" starttime="20230711 21:57:52.248" endtime="20230711 21:57:53.888"/>
</kw>
<kw name="Wait Until Page Contains Element" library="AppiumLibrary">
<arg>${takip_et_button}</arg>
<doc>Waits until element specified with `locator` appears on current page.</doc>
<msg timestamp="20230711 21:57:53.889" level="TRACE">Arguments: [ "xpath=//*[@text='Takip Et']" ]</msg>
<msg timestamp="20230711 21:57:53.890" level="DEBUG">POST http://localhost:4723/session/a2762404-4d98-460a-89c7-510d01c64359/elements {"using": "xpath", "value": "//*[@text='Takip Et']"}</msg>
<msg timestamp="20230711 21:57:55.489" level="DEBUG">http://localhost:4723 "POST /session/a2762404-4d98-460a-89c7-510d01c64359/elements HTTP/1.1" 200 0</msg>
<msg timestamp="20230711 21:57:55.491" level="DEBUG">Remote response: status=200 | data={"value":[{"element-6066-11e4-a52e-4f735466cecf":"00000000-0000-00e9-0000-005c00000393","ELEMENT":"00000000-0000-00e9-0000-005c00000393"}]} | headers=HTTPHeaderDict({'X-Powered-By': 'Express', 'Vary': 'X-HTTP-Method-Override', 'Content-Type': 'application/json; charset=utf-8', 'Content-Length': '139', 'ETag': 'W/"8b-hJuBzt+85afPr+DEvSdmD1z5POU"', 'Date': 'Tue, 11 Jul 2023 18:57:55 GMT', 'Connection': 'keep-alive', 'Keep-Alive': 'timeout=600'})</msg>
<msg timestamp="20230711 21:57:55.491" level="DEBUG">Finished Request</msg>
<msg timestamp="20230711 21:57:55.491" level="INFO">xpath criteria: //*[@text='Takip Et']</msg>
<msg timestamp="20230711 21:57:55.491" level="TRACE">Return: None</msg>
<status status="PASS" starttime="20230711 21:57:53.889" endtime="20230711 21:57:55.491"/>
</kw>
<kw name="Sleep" library="BuiltIn">
<arg>5</arg>
<doc>Pauses the test executed for the given time.</doc>
<msg timestamp="20230711 21:57:55.492" level="TRACE">Arguments: [ '5' ]</msg>
<msg timestamp="20230711 21:58:00.492" level="INFO">Slept 5 seconds</msg>
<msg timestamp="20230711 21:58:00.492" level="TRACE">Return: None</msg>
<status status="PASS" starttime="20230711 21:57:55.492" endtime="20230711 21:58:00.492"/>
</kw>
<tag>openApp</tag>
<status status="PASS" starttime="20230711 21:57:08.180" endtime="20230711 21:58:00.498"/>
</test>
<status status="PASS" starttime="20230711 21:57:07.716" endtime="20230711 21:58:00.513"/>
</suite>
<statistics>
<total>
<stat pass="1" fail="0" skip="0">All Tests</stat>
</total>
<tag>
<stat pass="1" fail="0" skip="0">openApp</stat>
</tag>
<suite>
<stat pass="1" fail="0" skip="0" id="s1" name="OpenApplication">OpenApplication</stat>
</suite>
</statistics>
<errors>
</errors>
</robot>
